#
# A fatal error has been detected by the Java Runtime Environment:
#
#  EXCEPTION_ACCESS_VIOLATION (0xc0000005) at pc=0x0000000002ee15c4, pid=12896, tid=6936
#
# JRE version: Java(TM) SE Runtime Environment (8.0_40-b26) (build 1.8.0_40-b26)
# Java VM: Java HotSpot(TM) 64-Bit Server VM (25.40-b25 mixed mode windows-amd64 compressed oops)
# Problematic frame:
# j  forceEditor.ForceEditor.update()V+25
#
# Failed to write core dump. Minidumps are not enabled by default on client versions of Windows
#
# If you would like to submit a bug report, please visit:
#   http://bugreport.java.com/bugreport/crash.jsp
#

---------------  T H R E A D  ---------------

Current thread (0x0000000002dc1000):  JavaThread "main" [_thread_in_Java, id=6936, stack(0x0000000002be0000,0x0000000002ce0000)]

siginfo: ExceptionCode=0xc0000005, reading address 0x000000000020000b

Registers:
RAX=0x0000000000000000, RBX=0x0000000000000005, RCX=0x0000000000200003, RDX=0x0000000080000001
RSP=0x0000000002cdf0d8, RBP=0x0000000002cdf128, RSI=0x0000000000000108, RDI=0x0000000002ec7ced
R8 =0x0000000002cdef98, R9 =0x00000000000000dd, R10=0x00000000725cbba0, R11=0x0000000002cdf0e8
R12=0x0000000000000000, R13=0x0000000014e211a9, R14=0x0000000002cdf138, R15=0x0000000002dc1000
RIP=0x0000000002ee15c4, EFLAGS=0x0000000000010246

Top of Stack: (sp=0x0000000002cdf0d8)
0x0000000002cdf0d8:   0000000002ec7ced 0000000000200003
0x0000000002cdf0e8:   0000000002cdf0e8 0000000014e211a9
0x0000000002cdf0f8:   0000000002cdf138 0000000014e26ba0
0x0000000002cdf108:   0000000000000000 0000000014e211c8
0x0000000002cdf118:   0000000000000000 0000000002cdf138
0x0000000002cdf128:   0000000002cdf180 0000000002ec7ced
0x0000000002cdf138:   00000000edd6ee01 0000000002cdf140
0x0000000002cdf148:   0000000014e210bb 0000000002cdf190
0x0000000002cdf158:   0000000014e26ba0 0000000000000000
0x0000000002cdf168:   0000000014e210f0 0000000002cdf138
0x0000000002cdf178:   0000000002cdf190 0000000002cdf1d8
0x0000000002cdf188:   0000000002ec7ced 00000000edd6ee01
0x0000000002cdf198:   0000000002cdf198 0000000014e20d8f
0x0000000002cdf1a8:   0000000002cdf1f8 0000000014e26ba0
0x0000000002cdf1b8:   0000000000000000 0000000014e20e00
0x0000000002cdf1c8:   0000000002cdf190 0000000002cdf1f8 

Instructions: (pc=0x0000000002ee15c4)
0x0000000002ee15a4:   10 4c 8b 68 d8 41 83 ed 04 41 c1 e5 03 49 03 c5
0x0000000002ee15b4:   48 89 45 e0 4c 8d 6c 24 08 4c 89 6d f0 ff 63 50
0x0000000002ee15c4:   8b 41 08 48 c1 e0 03 4c 8b 75 e0 4d 85 f6 0f 84
0x0000000002ee15d4:   95 00 00 00 49 8b 56 10 48 3b d0 0f 85 0f 00 00 


Register to memory mapping:

RAX=0x0000000000000000 is an unknown value
RBX=0x0000000000000005 is an unknown value
RCX=0x0000000000200003 is an unknown value
RDX=0x0000000080000001 is an unknown value
RSP=0x0000000002cdf0d8 is pointing into the stack for thread: 0x0000000002dc1000
RBP=0x0000000002cdf128 is pointing into the stack for thread: 0x0000000002dc1000
RSI=0x0000000000000108 is an unknown value
RDI=0x0000000002ec7ced is at code_begin+2093 in an Interpreter codelet
invoke return entry points  [0x0000000002ec74c0, 0x0000000002ec7dc0]  2304 bytes
R8 =0x0000000002cdef98 is pointing into the stack for thread: 0x0000000002dc1000
R9 =0x00000000000000dd is an unknown value
R10=0x00000000725cbba0 is an unknown value
R11=0x0000000002cdf0e8 is pointing into the stack for thread: 0x0000000002dc1000
R12=0x0000000000000000 is an unknown value
R13=0x0000000014e211a9 is pointing into metadata
R14=0x0000000002cdf138 is pointing into the stack for thread: 0x0000000002dc1000
R15=0x0000000002dc1000 is a thread


Stack: [0x0000000002be0000,0x0000000002ce0000],  sp=0x0000000002cdf0d8,  free space=1020k
Native frames: (J=compiled Java code, j=interpreted, Vv=VM code, C=native code)
C  0x0000000002ee15c4


---------------  P R O C E S S  ---------------

Java Threads: ( => current thread )
  0x000000001541e000 JavaThread "Service Thread" daemon [_thread_blocked, id=13272, stack(0x0000000017020000,0x0000000017120000)]
  0x00000000153c7000 JavaThread "C1 CompilerThread2" daemon [_thread_blocked, id=11460, stack(0x0000000016b20000,0x0000000016c20000)]
  0x00000000153c0800 JavaThread "C2 CompilerThread1" daemon [_thread_blocked, id=12192, stack(0x0000000016a20000,0x0000000016b20000)]
  0x00000000153bc800 JavaThread "C2 CompilerThread0" daemon [_thread_blocked, id=12916, stack(0x0000000016920000,0x0000000016a20000)]
  0x00000000153bb000 JavaThread "Attach Listener" daemon [_thread_blocked, id=9128, stack(0x0000000016820000,0x0000000016920000)]
  0x00000000153ba000 JavaThread "Signal Dispatcher" daemon [_thread_blocked, id=11812, stack(0x0000000016720000,0x0000000016820000)]
  0x0000000002eb6800 JavaThread "Finalizer" daemon [_thread_blocked, id=11624, stack(0x0000000016620000,0x0000000016720000)]
  0x0000000002eae000 JavaThread "Reference Handler" daemon [_thread_blocked, id=5932, stack(0x0000000016520000,0x0000000016620000)]
=>0x0000000002dc1000 JavaThread "main" [_thread_in_Java, id=6936, stack(0x0000000002be0000,0x0000000002ce0000)]

Other Threads:
  0x0000000015387000 VMThread [stack: 0x0000000016420000,0x0000000016520000] [id=12612]
  0x0000000016c51000 WatcherThread [stack: 0x0000000017120000,0x0000000017220000] [id=11840]

VM state:synchronizing (normal execution)

VM Mutex/Monitor currently owned by a thread:  ([mutex/lock_event])
[0x0000000002d1bf80] Safepoint_lock - owner thread: 0x0000000015387000
[0x0000000002d1c480] Threads_lock - owner thread: 0x0000000015387000

Heap:
 PSYoungGen      total 34304K, used 8460K [0x00000000ebb80000, 0x00000000edf80000, 0x0000000100000000)
  eden space 31744K, 18% used [0x00000000ebb80000,0x00000000ec1472d8,0x00000000eda80000)
  from space 2560K, 99% used [0x00000000edd00000,0x00000000edf7c020,0x00000000edf80000)
  to   space 2560K, 0% used [0x00000000eda80000,0x00000000eda80000,0x00000000edd00000)
 ParOldGen       total 42496K, used 18252K [0x00000000c3200000, 0x00000000c5b80000, 0x00000000ebb80000)
  object space 42496K, 42% used [0x00000000c3200000,0x00000000c43d3360,0x00000000c5b80000)
 Metaspace       used 7694K, capacity 8254K, committed 8448K, reserved 1056768K
  class space    used 628K, capacity 703K, committed 768K, reserved 1048576K

Card table byte_map: [0x0000000012280000,0x0000000012470000] byte_map_base: 0x0000000011c67000

Marking Bits: (ParMarkBitMap*) 0x00000000725e4040
 Begin Bits: [0x00000000129c0000, 0x00000000138f8000)
 End Bits:   [0x00000000138f8000, 0x0000000014830000)

Polling page: 0x00000000013e0000

CodeCache: size=245760Kb used=2696Kb max_used=2721Kb free=243063Kb
 bounds [0x0000000002ec0000, 0x0000000003170000, 0x0000000011ec0000]
 total_blobs=1234 nmethods=666 adapters=482
 compilation: enabled

Compilation events (10 events):
Event: 5.828 Thread 0x00000000153bc800 nmethod 663 0x0000000003145fd0 code [0x0000000003146120, 0x0000000003146228]
Event: 5.828 Thread 0x00000000153bc800  661       4       java.lang.ThreadLocal::get (38 bytes)
Event: 5.831 Thread 0x00000000153bc800 nmethod 661 0x0000000003148150 code [0x00000000031482a0, 0x00000000031483f8]
Event: 5.831 Thread 0x00000000153bc800  664       4       org.lwjgl.opengl.GL::getCapabilities (29 bytes)
Event: 5.832 Thread 0x00000000153c7000  665       1       forceEditor.ForceEditor::getInstance (4 bytes)
Event: 5.832 Thread 0x00000000153c7000 nmethod 665 0x0000000003147e90 code [0x0000000003147fe0, 0x00000000031480d0]
Event: 5.834 Thread 0x00000000153bc800 nmethod 664 0x00000000031478d0 code [0x0000000003147a40, 0x0000000003147bb8]
Event: 5.834 Thread 0x00000000153bc800  631       4       forceEditor.entities.ResourceBlob::getDistanceTo (12 bytes)
Event: 5.843 Thread 0x00000000153bc800 nmethod 631 0x0000000003149050 code [0x00000000031491c0, 0x0000000003149518]
Event: 5.843 Thread 0x00000000153bc800  666       4       forceEditor.maps.Polygon::render (63 bytes)

GC Heap History (8 events):
Event: 5.463 GC heap before
{Heap before GC invocations=1 (full 0):
 PSYoungGen      total 18432K, used 15872K [0x00000000ebb80000, 0x00000000ed000000, 0x0000000100000000)
  eden space 15872K, 100% used [0x00000000ebb80000,0x00000000ecb00000,0x00000000ecb00000)
  from space 2560K, 0% used [0x00000000ecd80000,0x00000000ecd80000,0x00000000ed000000)
  to   space 2560K, 0% used [0x00000000ecb00000,0x00000000ecb00000,0x00000000ecd80000)
 ParOldGen       total 42496K, used 0K [0x00000000c3200000, 0x00000000c5b80000, 0x00000000ebb80000)
  object space 42496K, 0% used [0x00000000c3200000,0x00000000c3200000,0x00000000c5b80000)
 Metaspace       used 7618K, capacity 8158K, committed 8448K, reserved 1056768K
  class space    used 623K, capacity 671K, committed 768K, reserved 1048576K
Event: 5.469 GC heap after
Heap after GC invocations=1 (full 0):
 PSYoungGen      total 18432K, used 2528K [0x00000000ebb80000, 0x00000000ed000000, 0x0000000100000000)
  eden space 15872K, 0% used [0x00000000ebb80000,0x00000000ebb80000,0x00000000ecb00000)
  from space 2560K, 98% used [0x00000000ecb00000,0x00000000ecd78010,0x00000000ecd80000)
  to   space 2560K, 0% used [0x00000000ecd80000,0x00000000ecd80000,0x00000000ed000000)
 ParOldGen       total 42496K, used 1916K [0x00000000c3200000, 0x00000000c5b80000, 0x00000000ebb80000)
  object space 42496K, 4% used [0x00000000c3200000,0x00000000c33df360,0x00000000c5b80000)
 Metaspace       used 7618K, capacity 8158K, committed 8448K, reserved 1056768K
  class space    used 623K, capacity 671K, committed 768K, reserved 1048576K
}
Event: 5.508 GC heap before
{Heap before GC invocations=2 (full 0):
 PSYoungGen      total 18432K, used 18400K [0x00000000ebb80000, 0x00000000ed000000, 0x0000000100000000)
  eden space 15872K, 100% used [0x00000000ebb80000,0x00000000ecb00000,0x00000000ecb00000)
  from space 2560K, 98% used [0x00000000ecb00000,0x00000000ecd78010,0x00000000ecd80000)
  to   space 2560K, 0% used [0x00000000ecd80000,0x00000000ecd80000,0x00000000ed000000)
 ParOldGen       total 42496K, used 1916K [0x00000000c3200000, 0x00000000c5b80000, 0x00000000ebb80000)
  object space 42496K, 4% used [0x00000000c3200000,0x00000000c33df360,0x00000000c5b80000)
 Metaspace       used 7625K, capacity 8158K, committed 8448K, reserved 1056768K
  class space    used 623K, capacity 671K, committed 768K, reserved 1048576K
Event: 5.523 GC heap after
Heap after GC invocations=2 (full 0):
 PSYoungGen      total 18432K, used 2528K [0x00000000ebb80000, 0x00000000edf80000, 0x0000000100000000)
  eden space 15872K, 0% used [0x00000000ebb80000,0x00000000ebb80000,0x00000000ecb00000)
  from space 2560K, 98% used [0x00000000ecd80000,0x00000000ecff8010,0x00000000ed000000)
  to   space 2560K, 0% used [0x00000000ecb00000,0x00000000ecb00000,0x00000000ecd80000)
 ParOldGen       total 42496K, used 7068K [0x00000000c3200000, 0x00000000c5b80000, 0x00000000ebb80000)
  object space 42496K, 16% used [0x00000000c3200000,0x00000000c38e7360,0x00000000c5b80000)
 Metaspace       used 7625K, capacity 8158K, committed 8448K, reserved 1056768K
  class space    used 623K, capacity 671K, committed 768K, reserved 1048576K
}
Event: 5.548 GC heap before
{Heap before GC invocations=3 (full 0):
 PSYoungGen      total 18432K, used 18400K [0x00000000ebb80000, 0x00000000edf80000, 0x0000000100000000)
  eden space 15872K, 100% used [0x00000000ebb80000,0x00000000ecb00000,0x00000000ecb00000)
  from space 2560K, 98% used [0x00000000ecd80000,0x00000000ecff8010,0x00000000ed000000)
  to   space 2560K, 0% used [0x00000000ecb00000,0x00000000ecb00000,0x00000000ecd80000)
 ParOldGen       total 42496K, used 7068K [0x00000000c3200000, 0x00000000c5b80000, 0x00000000ebb80000)
  object space 42496K, 16% used [0x00000000c3200000,0x00000000c38e7360,0x00000000c5b80000)
 Metaspace       used 7625K, capacity 8158K, committed 8448K, reserved 1056768K
  class space    used 623K, capacity 671K, committed 768K, reserved 1048576K
Event: 5.559 GC heap after
Heap after GC invocations=3 (full 0):
 PSYoungGen      total 18432K, used 2528K [0x00000000ebb80000, 0x00000000edf80000, 0x0000000100000000)
  eden space 15872K, 0% used [0x00000000ebb80000,0x00000000ebb80000,0x00000000ecb00000)
  from space 2560K, 98% used [0x00000000ecb00000,0x00000000ecd78030,0x00000000ecd80000)
  to   space 2560K, 0% used [0x00000000edd00000,0x00000000edd00000,0x00000000edf80000)
 ParOldGen       total 42496K, used 12524K [0x00000000c3200000, 0x00000000c5b80000, 0x00000000ebb80000)
  object space 42496K, 29% used [0x00000000c3200000,0x00000000c3e3b360,0x00000000c5b80000)
 Metaspace       used 7625K, capacity 8158K, committed 8448K, reserved 1056768K
  class space    used 623K, capacity 671K, committed 768K, reserved 1048576K
}
Event: 5.591 GC heap before
{Heap before GC invocations=4 (full 0):
 PSYoungGen      total 18432K, used 18400K [0x00000000ebb80000, 0x00000000edf80000, 0x0000000100000000)
  eden space 15872K, 100% used [0x00000000ebb80000,0x00000000ecb00000,0x00000000ecb00000)
  from space 2560K, 98% used [0x00000000ecb00000,0x00000000ecd78030,0x00000000ecd80000)
  to   space 2560K, 0% used [0x00000000edd00000,0x00000000edd00000,0x00000000edf80000)
 ParOldGen       total 42496K, used 12524K [0x00000000c3200000, 0x00000000c5b80000, 0x00000000ebb80000)
  object space 42496K, 29% used [0x00000000c3200000,0x00000000c3e3b360,0x00000000c5b80000)
 Metaspace       used 7662K, capacity 8190K, committed 8448K, reserved 1056768K
  class space    used 627K, capacity 703K, committed 768K, reserved 1048576K
Event: 5.614 GC heap after
Heap after GC invocations=4 (full 0):
 PSYoungGen      total 34304K, used 2544K [0x00000000ebb80000, 0x00000000edf80000, 0x0000000100000000)
  eden space 31744K, 0% used [0x00000000ebb80000,0x00000000ebb80000,0x00000000eda80000)
  from space 2560K, 99% used [0x00000000edd00000,0x00000000edf7c020,0x00000000edf80000)
  to   space 2560K, 0% used [0x00000000eda80000,0x00000000eda80000,0x00000000edd00000)
 ParOldGen       total 42496K, used 18252K [0x00000000c3200000, 0x00000000c5b80000, 0x00000000ebb80000)
  object space 42496K, 42% used [0x00000000c3200000,0x00000000c43d3360,0x00000000c5b80000)
 Metaspace       used 7662K, capacity 8190K, committed 8448K, reserved 1056768K
  class space    used 627K, capacity 703K, committed 768K, reserved 1048576K
}

Deoptimization events (0 events):
No events

Internal exceptions (4 events):
Event: 0.130 Thread 0x0000000002dc1000 Exception <a 'java/lang/NoSuchMethodError': Method sun.misc.Unsafe.defineClass(Ljava/lang/String;[BII)Ljava/lang/Class; name or signature does not match> (0x00000000ebb8cd78) thrown at [D:\re\workspace\8-2-build-windows-amd64-cygwin\jdk8u40\3098\hotspot\sr.ÙÂ‘–À?
Event: 0.130 Thread 0x0000000002dc1000 Exception <a 'java/lang/NoSuchMethodError': Method sun.misc.Unsafe.prefetchRead(Ljava/lang/Object;J)V name or signature does not match> (0x00000000ebb8d008) thrown at [D:\re\workspace\8-2-build-windows-amd64-cygwin\jdk8u40\3098\hotspot\src\share\vm\prims\jéÕ~êäì?
Event: 0.903 Thread 0x0000000002dc1000 Exception <a 'java/lang/NoSuchFieldError': method resolution failed> (0x00000000ebdd8128) thrown at [D:\re\workspace\8-2-build-windows-amd64-cygwin\jdk8u40\3098\hotspot\src\share\vm\prims\methodHandles.cpp, line 1125]
Event: 0.907 Thread 0x0000000002dc1000 Exception <a 'java/lang/NoSuchFieldError': method resolution failed> (0x00000000ebde6878) thrown at [D:\re\workspace\8-2-build-windows-amd64-cygwin\jdk8u40\3098\hotspot\src\share\vm\prims\methodHandles.cpp, line 1125]

Events (10 events):
Event: 5.586 loading class sun/misc/FloatingDecimal$PreparedASCIIToBinaryBuffer
Event: 5.586 loading class sun/misc/FloatingDecimal$ASCIIToBinaryConverter
Event: 5.586 loading class sun/misc/FloatingDecimal$ASCIIToBinaryConverter done
Event: 5.586 loading class sun/misc/FloatingDecimal$PreparedASCIIToBinaryBuffer done
Event: 5.586 loading class java/util/Formattable
Event: 5.586 loading class java/util/Formattable done
Event: 5.591 Executing VM operation: ParallelGCFailedAllocation
Event: 5.614 Executing VM operation: ParallelGCFailedAllocation done
Event: 5.621 loading class sun/misc/FDBigInteger
Event: 5.621 loading class sun/misc/FDBigInteger done


Dynamic libraries:
0x00007ff650b70000 - 0x00007ff650ba7000 	C:\Program Files\Java\jre1.8.0_40\bin\javaw.exe
0x00007fffc42e0000 - 0x00007fffc449a000 	C:\WINDOWS\SYSTEM32\ntdll.dll
0x00007fffc1cf0000 - 0x00007fffc1d9f000 	C:\WINDOWS\system32\KERNEL32.DLL
0x00007fffc1120000 - 0x00007fffc12fb000 	C:\WINDOWS\system32\KERNELBASE.dll
0x00007fffc3d00000 - 0x00007fffc3da5000 	C:\WINDOWS\system32\ADVAPI32.dll
0x00007fffc1f40000 - 0x00007fffc1fdd000 	C:\WINDOWS\system32\msvcrt.dll
0x00007fffc1bd0000 - 0x00007fffc1c2a000 	C:\WINDOWS\system32\sechost.dll
0x00007fffc3f30000 - 0x00007fffc4057000 	C:\WINDOWS\system32\RPCRT4.dll
0x00007fffc3dc0000 - 0x00007fffc3f2c000 	C:\WINDOWS\system32\USER32.dll
0x00007fffc3980000 - 0x00007fffc3b01000 	C:\WINDOWS\system32\GDI32.dll
0x00007fffb8220000 - 0x00007fffb848e000 	C:\WINDOWS\WinSxS\amd64_microsoft.windows.common-controls_6595b64144ccf1df_6.0.10122.0_none_8477cf5a5cc8827c\COMCTL32.dll
0x00007fffc3b30000 - 0x00007fffc3b65000 	C:\WINDOWS\system32\IMM32.DLL
0x00007fffc35c0000 - 0x00007fffc371c000 	C:\WINDOWS\system32\MSCTF.dll
0x0000000072670000 - 0x0000000072742000 	C:\Program Files\Java\jre1.8.0_40\bin\msvcr100.dll
0x0000000071de0000 - 0x0000000072663000 	C:\Program Files\Java\jre1.8.0_40\bin\server\jvm.dll
0x00007fffc3c20000 - 0x00007fffc3c27000 	C:\WINDOWS\system32\PSAPI.DLL
0x00007fffbf550000 - 0x00007fffbf559000 	C:\WINDOWS\SYSTEM32\WSOCK32.dll
0x00007fffbedc0000 - 0x00007fffbedca000 	C:\WINDOWS\SYSTEM32\VERSION.dll
0x00007fffb9f80000 - 0x00007fffb9fa6000 	C:\WINDOWS\SYSTEM32\WINMM.dll
0x00007fffc4060000 - 0x00007fffc40bb000 	C:\WINDOWS\system32\WS2_32.dll
0x00007fffc1bc0000 - 0x00007fffc1bc8000 	C:\WINDOWS\system32\NSI.dll
0x0000000001390000 - 0x00000000013bc000 	C:\WINDOWS\SYSTEM32\WINMMBASE.dll
0x00007fffc1a40000 - 0x00007fffc1a84000 	C:\WINDOWS\system32\cfgmgr32.dll
0x00007fffbfa40000 - 0x00007fffbfa66000 	C:\WINDOWS\SYSTEM32\DEVOBJ.dll
0x00007fffc3720000 - 0x00007fffc3974000 	C:\WINDOWS\system32\combase.dll
0x00007fffc0ce0000 - 0x00007fffc0d48000 	C:\WINDOWS\SYSTEM32\bcryptPrimitives.dll
0x0000000071dd0000 - 0x0000000071ddf000 	C:\Program Files\Java\jre1.8.0_40\bin\verify.dll
0x0000000071da0000 - 0x0000000071dc9000 	C:\Program Files\Java\jre1.8.0_40\bin\java.dll
0x0000000071d80000 - 0x0000000071d96000 	C:\Program Files\Java\jre1.8.0_40\bin\zip.dll
0x00007fffc1fe0000 - 0x00007fffc3401000 	C:\WINDOWS\system32\SHELL32.dll
0x00007fffc1460000 - 0x00007fffc1a40000 	C:\WINDOWS\system32\windows.storage.dll
0x00007fffc4290000 - 0x00007fffc42e0000 	C:\WINDOWS\system32\shlwapi.dll
0x00007fffc0ec0000 - 0x00007fffc0ece000 	C:\WINDOWS\system32\kernel.appcore.dll
0x00007fffc13b0000 - 0x00007fffc145d000 	C:\WINDOWS\system32\shcore.dll
0x00007fffc0f10000 - 0x00007fffc0f58000 	C:\WINDOWS\system32\powrprof.dll
0x00007fffc0ef0000 - 0x00007fffc0f04000 	C:\WINDOWS\system32\profapi.dll
0x00007fffa6f90000 - 0x00007fffa7012000 	\\192.168.1.144\CodeDay\ForceEditor\lib\natives\lwjgl.dll
0x00007fffa32d0000 - 0x00007fffa33f8000 	C:\WINDOWS\SYSTEM32\OPENGL32.dll
0x00007fffa9340000 - 0x00007fffa936e000 	C:\WINDOWS\SYSTEM32\GLU32.dll
0x00007fffa31d0000 - 0x00007fffa32c7000 	C:\WINDOWS\SYSTEM32\DDRAW.dll
0x00007fffb9ab0000 - 0x00007fffb9ab8000 	C:\WINDOWS\SYSTEM32\DCIMAN32.dll
0x00007fffbfa70000 - 0x00007fffbfb00000 	C:\WINDOWS\system32\uxtheme.dll
0x00007fffbf1d0000 - 0x00007fffbf1f2000 	C:\WINDOWS\SYSTEM32\dwmapi.dll
0x0000000180000000 - 0x00000001811f2000 	C:\WINDOWS\SYSTEM32\ig4icd64.dll
0x00007fffbde50000 - 0x00007fffbdfd6000 	C:\WINDOWS\SYSTEM32\dbghelp.dll

VM Arguments:
jvm_args: -Djava.library.path=\\192.168.1.144\CodeDay\ForceEditor\lib\natives -Dfile.encoding=Cp1252 
java_command: forceEditor.ForceEditor
java_class_path (initial): \\192.168.1.144\CodeDay\ForceEditor\bin;\\192.168.1.144\CodeDay\ForceEditor\lib\lwjgl.jar
Launcher Type: SUN_STANDARD

Environment Variables:
JAVA_HOME=C:\Program Files\Java\jdk1.8.0_40
PATH=C:\ProgramData\Oracle\Java\javapath;C:\WINDOWS\system32;C:\WINDOWS;C:\WINDOWS\System32\Wbem;C:\WINDOWS\System32\WindowsPowerShell\v1.0\;C:\Program Files (x86)\Windows Kits\8.1\Windows Performance Toolkit\;C:\Program Files\Microsoft SQL Server\110\Tools\Binn\;C:\Program Files (x86)\Microsoft SDKs\TypeScript\1.0\;C:\Program Files\Microsoft SQL Server\120\Tools\Binn\;C:\Program Files\MySQL\MySQL Enterprise Backup 3.11\;C:\Program Files (x86)\MySQL\MySQL Fabric 1.5.3 & MySQL Utilities 1.5.3 1.5\;C:\Program Files (x86)\MySQL\MySQL Fabric 1.5.3 & MySQL Utilities 1.5.3 1.5\Doctrine extensions for PHP\;C:\Program Files\Java\jdk1.8.0_40\bin;C:\Users\vinamra\Downloads\Programs\opencv\build\x86\vc12\bin;C:\Program Files (x86)\QuickTime\QTSystem\;;C:\Users\vinamra\AppData\Local\Code\bin
USERNAME=vinamra
OS=Windows_NT
PROCESSOR_IDENTIFIER=Intel64 Family 6 Model 37 Stepping 5, GenuineIntel



---------------  S Y S T E M  ---------------

OS: Windows 10.0 , 64 bit Build 10122 (10.0.10122.0)

CPU:total 4 (2 cores per cpu, 2 threads per core) family 6 model 37 stepping 5, cmov, cx8, fxsr, mmx, sse, sse2, sse3, ssse3, sse4.1, sse4.2, popcnt, aes, clmul, ht, tsc, tscinvbit

Memory: 4k page, physical 3985864k(923956k free), swap 7581596k(2090696k free)

vm_info: Java HotSpot(TM) 64-Bit Server VM (25.40-b25) for windows-amd64 JRE (1.8.0_40-b26), built on Mar  7 2015 13:51:59 by "java_re" with MS VC++ 10.0 (VS2010)

time: Sun May 24 10:10:55 2015
elapsed time: 12 seconds (0d 0h 0m 12s)

